[2022-02-24 19:42:55] production.ERROR: SQLSTATE[HY000] [1045] Access denied for user 'forge'@'localhost' (using password: NO) (SQL: select * from `static_options` where `option_name` = site_force_ssl_redirection limit 1) {"exception":"[object] (Illuminate\\Database\\QueryException(code: 1045): SQLSTATE[HY000] [1045] Access denied for user 'forge'@'localhost' (using password: NO) (SQL: select * from `static_options` where `option_name` = site_force_ssl_redirection limit 1) at E:\\laragon\\www\\MDUZAIR\\zaika\\@mdcore\\vendor\\laravel\\framework\\src\\Illuminate\\Database\\Connection.php:712)
[stacktrace]
#0 E:\\laragon\\www\\MDUZAIR\\zaika\\@mdcore\\vendor\\laravel\\framework\\src\\Illuminate\\Database\\Connection.php(672): Illuminate\\Database\\Connection->runQueryCallback('select * from `...', Array, Object(Closure))
#1 E:\\laragon\\www\\MDUZAIR\\zaika\\@mdcore\\vendor\\laravel\\framework\\src\\Illuminate\\Database\\Connection.php(376): Illuminate\\Database\\Connection->run('select * from `...', Array, Object(Closure))
#2 E:\\laragon\\www\\MDUZAIR\\zaika\\@mdcore\\vendor\\laravel\\framework\\src\\Illuminate\\Database\\Query\\Builder.php(2414): Illuminate\\Database\\Connection->select('select * from `...', Array, true)
#3 E:\\laragon\\www\\MDUZAIR\\zaika\\@mdcore\\vendor\\laravel\\framework\\src\\Illuminate\\Database\\Query\\Builder.php(2402): Illuminate\\Database\\Query\\Builder->runSelect()
#4 E:\\laragon\\www\\MDUZAIR\\zaika\\@mdcore\\vendor\\laravel\\framework\\src\\Illuminate\\Database\\Query\\Builder.php(2936): Illuminate\\Database\\Query\\Builder->Illuminate\\Database\\Query\\{closure}()
#5 E:\\laragon\\www\\MDUZAIR\\zaika\\@mdcore\\vendor\\laravel\\framework\\src\\Illuminate\\Database\\Query\\Builder.php(2403): Illuminate\\Database\\Query\\Builder->onceWithColumns(Array, Object(Closure))
#6 E:\\laragon\\www\\MDUZAIR\\zaika\\@mdcore\\vendor\\laravel\\framework\\src\\Illuminate\\Database\\Eloquent\\Builder.php(625): Illuminate\\Database\\Query\\Builder->get(Array)
#7 E:\\laragon\\www\\MDUZAIR\\zaika\\@mdcore\\vendor\\laravel\\framework\\src\\Illuminate\\Database\\Eloquent\\Builder.php(609): Illuminate\\Database\\Eloquent\\Builder->getModels(Array)
#8 E:\\laragon\\www\\MDUZAIR\\zaika\\@mdcore\\vendor\\laravel\\framework\\src\\Illuminate\\Database\\Concerns\\BuildsQueries.php(294): Illuminate\\Database\\Eloquent\\Builder->get(Array)
#9 E:\\laragon\\www\\MDUZAIR\\zaika\\@mdcore\\app\\Helpers\\helpers.php(155): Illuminate\\Database\\Eloquent\\Builder->first()
#10 E:\\laragon\\www\\MDUZAIR\\zaika\\@mdcore\\vendor\\laravel\\framework\\src\\Illuminate\\Cache\\Repository.php(391): {closure}()
#11 E:\\laragon\\www\\MDUZAIR\\zaika\\@mdcore\\vendor\\laravel\\framework\\src\\Illuminate\\Cache\\CacheManager.php(418): Illuminate\\Cache\\Repository->remember('site_force_ssl_...', 86400, Object(Closure))
#12 E:\\laragon\\www\\MDUZAIR\\zaika\\@mdcore\\vendor\\laravel\\framework\\src\\Illuminate\\Support\\Facades\\Facade.php(261): Illuminate\\Cache\\CacheManager->__call('remember', Array)
#13 E:\\laragon\\www\\MDUZAIR\\zaika\\@mdcore\\app\\Helpers\\helpers.php(156): Illuminate\\Support\\Facades\\Facade::__callStatic('remember', Array)
#14 E:\\laragon\\www\\MDUZAIR\\zaika\\@mdcore\\app\\Providers\\AppServiceProvider.php(31): get_static_option('site_force_ssl_...')
#15 E:\\laragon\\www\\MDUZAIR\\zaika\\@mdcore\\vendor\\laravel\\framework\\src\\Illuminate\\Container\\BoundMethod.php(36): App\\Providers\\AppServiceProvider->boot()
#16 E:\\laragon\\www\\MDUZAIR\\zaika\\@mdcore\\vendor\\laravel\\framework\\src\\Illuminate\\Container\\Util.php(40): Illuminate\\Container\\BoundMethod::Illuminate\\Container\\{closure}()
#17 E:\\laragon\\www\\MDUZAIR\\zaika\\@mdcore\\vendor\\laravel\\framework\\src\\Illuminate\\Container\\BoundMethod.php(93): Illuminate\\Container\\Util::unwrapIfClosure(Object(Closure))
#18 E:\\laragon\\www\\MDUZAIR\\zaika\\@mdcore\\vendor\\laravel\\framework\\src\\Illuminate\\Container\\BoundMethod.php(37): Illuminate\\Container\\BoundMethod::callBoundMethod(Object(Illuminate\\Foundation\\Application), Array, Object(Closure))
#19 E:\\laragon\\www\\MDUZAIR\\zaika\\@mdcore\\vendor\\laravel\\framework\\src\\Illuminate\\Container\\Container.php(653): Illuminate\\Container\\BoundMethod::call(Object(Illuminate\\Foundation\\Application), Array, Array, NULL)
#20 E:\\laragon\\www\\MDUZAIR\\zaika\\@mdcore\\vendor\\laravel\\framework\\src\\Illuminate\\Foundation\\Application.php(924): Illuminate\\Container\\Container->call(Array)
#21 E:\\laragon\\www\\MDUZAIR\\zaika\\@mdcore\\vendor\\laravel\\framework\\src\\Illuminate\\Foundation\\Application.php(905): Illuminate\\Foundation\\Application->bootProvider(Object(App\\Providers\\AppServiceProvider))
#22 [internal function]: Illuminate\\Foundation\\Application->Illuminate\\Foundation\\{closure}(Object(App\\Providers\\AppServiceProvider), 35)
#23 E:\\laragon\\www\\MDUZAIR\\zaika\\@mdcore\\vendor\\laravel\\framework\\src\\Illuminate\\Foundation\\Application.php(906): array_walk(Array, Object(Closure))
#24 E:\\laragon\\www\\MDUZAIR\\zaika\\@mdcore\\vendor\\laravel\\framework\\src\\Illuminate\\Foundation\\Bootstrap\\BootProviders.php(17): Illuminate\\Foundation\\Application->boot()
#25 E:\\laragon\\www\\MDUZAIR\\zaika\\@mdcore\\vendor\\laravel\\framework\\src\\Illuminate\\Foundation\\Application.php(237): Illuminate\\Foundation\\Bootstrap\\BootProviders->bootstrap(Object(Illuminate\\Foundation\\Application))
#26 E:\\laragon\\www\\MDUZAIR\\zaika\\@mdcore\\vendor\\laravel\\framework\\src\\Illuminate\\Foundation\\Http\\Kernel.php(153): Illuminate\\Foundation\\Application->bootstrapWith(Array)
#27 E:\\laragon\\www\\MDUZAIR\\zaika\\@mdcore\\vendor\\laravel\\framework\\src\\Illuminate\\Foundation\\Http\\Kernel.php(137): Illuminate\\Foundation\\Http\\Kernel->bootstrap()
#28 E:\\laragon\\www\\MDUZAIR\\zaika\\@mdcore\\vendor\\laravel\\framework\\src\\Illuminate\\Foundation\\Http\\Kernel.php(111): Illuminate\\Foundation\\Http\\Kernel->sendRequestThroughRouter(Object(Illuminate\\Http\\Request))
#29 E:\\laragon\\www\\MDUZAIR\\zaika\\index.php(72): Illuminate\\Foundation\\Http\\Kernel->handle(Object(Illuminate\\Http\\Request))
#30 {main}

[previous exception] [object] (PDOException(code: 1045): SQLSTATE[HY000] [1045] Access denied for user 'forge'@'localhost' (using password: NO) at E:\\laragon\\www\\MDUZAIR\\zaika\\@mdcore\\vendor\\laravel\\framework\\src\\Illuminate\\Database\\Connectors\\Connector.php:70)
[stacktrace]
#0 E:\\laragon\\www\\MDUZAIR\\zaika\\@mdcore\\vendor\\laravel\\framework\\src\\Illuminate\\Database\\Connectors\\Connector.php(70): PDO->__construct('mysql:host=127....', 'forge', '', Array)
#1 E:\\laragon\\www\\MDUZAIR\\zaika\\@mdcore\\vendor\\laravel\\framework\\src\\Illuminate\\Database\\Connectors\\Connector.php(46): Illuminate\\Database\\Connectors\\Connector->createPdoConnection('mysql:host=127....', 'forge', '', Array)
#2 E:\\laragon\\www\\MDUZAIR\\zaika\\@mdcore\\vendor\\laravel\\framework\\src\\Illuminate\\Database\\Connectors\\MySqlConnector.php(24): Illuminate\\Database\\Connectors\\Connector->createConnection('mysql:host=127....', Array, Array)
#3 E:\\laragon\\www\\MDUZAIR\\zaika\\@mdcore\\vendor\\laravel\\framework\\src\\Illuminate\\Database\\Connectors\\ConnectionFactory.php(184): Illuminate\\Database\\Connectors\\MySqlConnector->connect(Array)
#4 [internal function]: Illuminate\\Database\\Connectors\\ConnectionFactory->Illuminate\\Database\\Connectors\\{closure}()
#5 E:\\laragon\\www\\MDUZAIR\\zaika\\@mdcore\\vendor\\laravel\\framework\\src\\Illuminate\\Database\\Connection.php(1062): call_user_func(Object(Closure))
#6 E:\\laragon\\www\\MDUZAIR\\zaika\\@mdcore\\vendor\\laravel\\framework\\src\\Illuminate\\Database\\Connection.php(1098): Illuminate\\Database\\Connection->getPdo()
#7 E:\\laragon\\www\\MDUZAIR\\zaika\\@mdcore\\vendor\\laravel\\framework\\src\\Illuminate\\Database\\Connection.php(442): Illuminate\\Database\\Connection->getReadPdo()
#8 E:\\laragon\\www\\MDUZAIR\\zaika\\@mdcore\\vendor\\laravel\\framework\\src\\Illuminate\\Database\\Connection.php(368): Illuminate\\Database\\Connection->getPdoForSelect(true)
#9 E:\\laragon\\www\\MDUZAIR\\zaika\\@mdcore\\vendor\\laravel\\framework\\src\\Illuminate\\Database\\Connection.php(705): Illuminate\\Database\\Connection->Illuminate\\Database\\{closure}('select * from `...', Array)
#10 E:\\laragon\\www\\MDUZAIR\\zaika\\@mdcore\\vendor\\laravel\\framework\\src\\Illuminate\\Database\\Connection.php(672): Illuminate\\Database\\Connection->runQueryCallback('select * from `...', Array, Object(Closure))
#11 E:\\laragon\\www\\MDUZAIR\\zaika\\@mdcore\\vendor\\laravel\\framework\\src\\Illuminate\\Database\\Connection.php(376): Illuminate\\Database\\Connection->run('select * from `...', Array, Object(Closure))
#12 E:\\laragon\\www\\MDUZAIR\\zaika\\@mdcore\\vendor\\laravel\\framework\\src\\Illuminate\\Database\\Query\\Builder.php(2414): Illuminate\\Database\\Connection->select('select * from `...', Array, true)
#13 E:\\laragon\\www\\MDUZAIR\\zaika\\@mdcore\\vendor\\laravel\\framework\\src\\Illuminate\\Database\\Query\\Builder.php(2402): Illuminate\\Database\\Query\\Builder->runSelect()
#14 E:\\laragon\\www\\MDUZAIR\\zaika\\@mdcore\\vendor\\laravel\\framework\\src\\Illuminate\\Database\\Query\\Builder.php(2936): Illuminate\\Database\\Query\\Builder->Illuminate\\Database\\Query\\{closure}()
#15 E:\\laragon\\www\\MDUZAIR\\zaika\\@mdcore\\vendor\\laravel\\framework\\src\\Illuminate\\Database\\Query\\Builder.php(2403): Illuminate\\Database\\Query\\Builder->onceWithColumns(Array, Object(Closure))
#16 E:\\laragon\\www\\MDUZAIR\\zaika\\@mdcore\\vendor\\laravel\\framework\\src\\Illuminate\\Database\\Eloquent\\Builder.php(625): Illuminate\\Database\\Query\\Builder->get(Array)
#17 E:\\laragon\\www\\MDUZAIR\\zaika\\@mdcore\\vendor\\laravel\\framework\\src\\Illuminate\\Database\\Eloquent\\Builder.php(609): Illuminate\\Database\\Eloquent\\Builder->getModels(Array)
#18 E:\\laragon\\www\\MDUZAIR\\zaika\\@mdcore\\vendor\\laravel\\framework\\src\\Illuminate\\Database\\Concerns\\BuildsQueries.php(294): Illuminate\\Database\\Eloquent\\Builder->get(Array)
#19 E:\\laragon\\www\\MDUZAIR\\zaika\\@mdcore\\app\\Helpers\\helpers.php(155): Illuminate\\Database\\Eloquent\\Builder->first()
#20 E:\\laragon\\www\\MDUZAIR\\zaika\\@mdcore\\vendor\\laravel\\framework\\src\\Illuminate\\Cache\\Repository.php(391): {closure}()
#21 E:\\laragon\\www\\MDUZAIR\\zaika\\@mdcore\\vendor\\laravel\\framework\\src\\Illuminate\\Cache\\CacheManager.php(418): Illuminate\\Cache\\Repository->remember('site_force_ssl_...', 86400, Object(Closure))
#22 E:\\laragon\\www\\MDUZAIR\\zaika\\@mdcore\\vendor\\laravel\\framework\\src\\Illuminate\\Support\\Facades\\Facade.php(261): Illuminate\\Cache\\CacheManager->__call('remember', Array)
#23 E:\\laragon\\www\\MDUZAIR\\zaika\\@mdcore\\app\\Helpers\\helpers.php(156): Illuminate\\Support\\Facades\\Facade::__callStatic('remember', Array)
#24 E:\\laragon\\www\\MDUZAIR\\zaika\\@mdcore\\app\\Providers\\AppServiceProvider.php(31): get_static_option('site_force_ssl_...')
#25 E:\\laragon\\www\\MDUZAIR\\zaika\\@mdcore\\vendor\\laravel\\framework\\src\\Illuminate\\Container\\BoundMethod.php(36): App\\Providers\\AppServiceProvider->boot()
#26 E:\\laragon\\www\\MDUZAIR\\zaika\\@mdcore\\vendor\\laravel\\framework\\src\\Illuminate\\Container\\Util.php(40): Illuminate\\Container\\BoundMethod::Illuminate\\Container\\{closure}()
#27 E:\\laragon\\www\\MDUZAIR\\zaika\\@mdcore\\vendor\\laravel\\framework\\src\\Illuminate\\Container\\BoundMethod.php(93): Illuminate\\Container\\Util::unwrapIfClosure(Object(Closure))
#28 E:\\laragon\\www\\MDUZAIR\\zaika\\@mdcore\\vendor\\laravel\\framework\\src\\Illuminate\\Container\\BoundMethod.php(37): Illuminate\\Container\\BoundMethod::callBoundMethod(Object(Illuminate\\Foundation\\Application), Array, Object(Closure))
#29 E:\\laragon\\www\\MDUZAIR\\zaika\\@mdcore\\vendor\\laravel\\framework\\src\\Illuminate\\Container\\Container.php(653): Illuminate\\Container\\BoundMethod::call(Object(Illuminate\\Foundation\\Application), Array, Array, NULL)
#30 E:\\laragon\\www\\MDUZAIR\\zaika\\@mdcore\\vendor\\laravel\\framework\\src\\Illuminate\\Foundation\\Application.php(924): Illuminate\\Container\\Container->call(Array)
#31 E:\\laragon\\www\\MDUZAIR\\zaika\\@mdcore\\vendor\\laravel\\framework\\src\\Illuminate\\Foundation\\Application.php(905): Illuminate\\Foundation\\Application->bootProvider(Object(App\\Providers\\AppServiceProvider))
#32 [internal function]: Illuminate\\Foundation\\Application->Illuminate\\Foundation\\{closure}(Object(App\\Providers\\AppServiceProvider), 35)
#33 E:\\laragon\\www\\MDUZAIR\\zaika\\@mdcore\\vendor\\laravel\\framework\\src\\Illuminate\\Foundation\\Application.php(906): array_walk(Array, Object(Closure))
#34 E:\\laragon\\www\\MDUZAIR\\zaika\\@mdcore\\vendor\\laravel\\framework\\src\\Illuminate\\Foundation\\Bootstrap\\BootProviders.php(17): Illuminate\\Foundation\\Application->boot()
#35 E:\\laragon\\www\\MDUZAIR\\zaika\\@mdcore\\vendor\\laravel\\framework\\src\\Illuminate\\Foundation\\Application.php(237): Illuminate\\Foundation\\Bootstrap\\BootProviders->bootstrap(Object(Illuminate\\Foundation\\Application))
#36 E:\\laragon\\www\\MDUZAIR\\zaika\\@mdcore\\vendor\\laravel\\framework\\src\\Illuminate\\Foundation\\Http\\Kernel.php(153): Illuminate\\Foundation\\Application->bootstrapWith(Array)
#37 E:\\laragon\\www\\MDUZAIR\\zaika\\@mdcore\\vendor\\laravel\\framework\\src\\Illuminate\\Foundation\\Http\\Kernel.php(137): Illuminate\\Foundation\\Http\\Kernel->bootstrap()
#38 E:\\laragon\\www\\MDUZAIR\\zaika\\@mdcore\\vendor\\laravel\\framework\\src\\Illuminate\\Foundation\\Http\\Kernel.php(111): Illuminate\\Foundation\\Http\\Kernel->sendRequestThroughRouter(Object(Illuminate\\Http\\Request))
#39 E:\\laragon\\www\\MDUZAIR\\zaika\\index.php(72): Illuminate\\Foundation\\Http\\Kernel->handle(Object(Illuminate\\Http\\Request))
#40 {main}
"} 
